SF:/home/rousage/Projects/BlogAppCore/src/BlogAppCore.Domain/SlugGenerator.cs
FN:10,System.String BlogAppCore.Domain.SlugGenerator::GenerateSlug(System.String,System.Int32)
FNDA:24,System.String BlogAppCore.Domain.SlugGenerator::GenerateSlug(System.String,System.Int32)
DA:11,24
DA:12,24
DA:15,24
DA:17,24
DA:19,24
DA:21,24
DA:22,24
BRDA:19,61,0,1
BRDA:19,61,1,23
FN:24,System.String BlogAppCore.Domain.SlugGenerator::RemoveDiacritics(System.String)
FNDA:24,System.String BlogAppCore.Domain.SlugGenerator::RemoveDiacritics(System.String)
DA:25,24
DA:26,24
DA:27,271
DA:28,24
DA:30,24
DA:31,24
BRDA:26,14,0,1
BRDA:26,14,1,24
LF:13
LH:13
BRF:4
BRH:4
FNF:2
FNH:2
end_of_record
SF:/home/rousage/Projects/BlogAppCore/src/BlogAppCore.Domain/Entities/BaseEntity.cs
FN:6,System.Int32 BlogAppCore.Domain.Entities.BaseEntity::get_Id()
FNDA:4,System.Int32 BlogAppCore.Domain.Entities.BaseEntity::get_Id()
DA:7,4
FN:8,System.DateTime BlogAppCore.Domain.Entities.BaseEntity::get_Created()
FNDA:16,System.DateTime BlogAppCore.Domain.Entities.BaseEntity::get_Created()
DA:9,16
LF:2
LH:2
BRF:0
BRH:0
FNF:2
FNH:2
end_of_record
SF:/home/rousage/Projects/BlogAppCore/src/BlogAppCore.Domain/Entities/Category.cs
FN:18,System.String BlogAppCore.Domain.Entities.Category::get_Name()
FNDA:18,System.String BlogAppCore.Domain.Entities.Category::get_Name()
DA:19,18
FN:20,System.String BlogAppCore.Domain.Entities.Category::get_Slug()
FNDA:20,System.String BlogAppCore.Domain.Entities.Category::get_Slug()
DA:21,20
FN:24,System.Collections.Generic.IEnumerable`1<BlogAppCore.Domain.Entities.Post> BlogAppCore.Domain.Entities.Category::get_Posts()
FNDA:6,System.Collections.Generic.IEnumerable`1<BlogAppCore.Domain.Entities.Post> BlogAppCore.Domain.Entities.Category::get_Posts()
DA:25,6
BRDA:25,7,0,0
BRDA:25,7,1,6
FN:27,System.Void BlogAppCore.Domain.Entities.Category::Update(System.String,System.Boolean)
FNDA:4,System.Void BlogAppCore.Domain.Entities.Category::Update(System.String,System.Boolean)
DA:28,4
DA:29,4
DA:30,4
DA:31,4
BRDA:30,16,0,2
BRDA:30,16,1,2
FN:9,System.Void BlogAppCore.Domain.Entities.Category::.ctor(System.String)
FNDA:7,System.Void BlogAppCore.Domain.Entities.Category::.ctor(System.String)
DA:10,7
DA:11,7
DA:12,7
DA:13,7
DA:14,7
DA:15,7
FN:16,System.Void BlogAppCore.Domain.Entities.Category::.ctor()
FNDA:0,System.Void BlogAppCore.Domain.Entities.Category::.ctor()
DA:17,0
LF:14
LH:13
BRF:4
BRH:3
FNF:6
FNH:5
end_of_record
SF:/home/rousage/Projects/BlogAppCore/src/BlogAppCore.Domain/Entities/Post.cs
FN:36,System.String BlogAppCore.Domain.Entities.Post::get_Title()
FNDA:4,System.String BlogAppCore.Domain.Entities.Post::get_Title()
DA:37,4
FN:38,System.String BlogAppCore.Domain.Entities.Post::get_Slug()
FNDA:4,System.String BlogAppCore.Domain.Entities.Post::get_Slug()
DA:39,4
FN:40,System.String BlogAppCore.Domain.Entities.Post::get_Description()
FNDA:4,System.String BlogAppCore.Domain.Entities.Post::get_Description()
DA:41,4
FN:42,System.String BlogAppCore.Domain.Entities.Post::get_Content()
FNDA:4,System.String BlogAppCore.Domain.Entities.Post::get_Content()
DA:43,4
FN:44,System.Boolean BlogAppCore.Domain.Entities.Post::get_Published()
FNDA:4,System.Boolean BlogAppCore.Domain.Entities.Post::get_Published()
DA:45,4
FN:46,System.Int32 BlogAppCore.Domain.Entities.Post::get_CategoryId()
FNDA:4,System.Int32 BlogAppCore.Domain.Entities.Post::get_CategoryId()
DA:47,4
FN:48,BlogAppCore.Domain.Entities.Category BlogAppCore.Domain.Entities.Post::get_Category()
FNDA:0,BlogAppCore.Domain.Entities.Category BlogAppCore.Domain.Entities.Post::get_Category()
DA:49,0
FN:52,System.Collections.Generic.IEnumerable`1<BlogAppCore.Domain.Entities.PostTag> BlogAppCore.Domain.Entities.Post::get_PostTags()
FNDA:4,System.Collections.Generic.IEnumerable`1<BlogAppCore.Domain.Entities.PostTag> BlogAppCore.Domain.Entities.Post::get_PostTags()
DA:53,4
BRDA:53,7,0,0
BRDA:53,7,1,4
FN:56,System.Void BlogAppCore.Domain.Entities.Post::Update(System.String,System.String,System.String,System.Int32,System.Collections.Generic.IEnumerable`1<System.Int32>,System.Boolean,System.Boolean)
FNDA:0,System.Void BlogAppCore.Domain.Entities.Post::Update(System.String,System.String,System.String,System.Int32,System.Collections.Generic.IEnumerable`1<System.Int32>,System.Boolean,System.Boolean)
DA:57,0
DA:58,0
DA:59,0
DA:60,0
DA:61,0
DA:62,0
DA:63,0
DA:65,0
DA:66,0
DA:67,0
DA:68,0
DA:69,0
DA:70,0
DA:71,0
DA:72,0
DA:73,0
BRDA:59,17,0,0
BRDA:59,17,1,0
BRDA:65,82,0,0
BRDA:68,131,1,0
BRDA:68,131,0,0
BRDA:65,82,1,0
FN:75,System.Void BlogAppCore.Domain.Entities.Post::AddTag(System.Int32)
FNDA:4,System.Void BlogAppCore.Domain.Entities.Post::AddTag(System.Int32)
DA:76,4
DA:77,4
DA:78,4
FN:9,System.Void BlogAppCore.Domain.Entities.Post::.ctor(System.String,System.String,System.String,System.Int32,System.Collections.Generic.IEnumerable`1<System.Int32>,System.Boolean)
FNDA:2,System.Void BlogAppCore.Domain.Entities.Post::.ctor(System.String,System.String,System.String,System.Int32,System.Collections.Generic.IEnumerable`1<System.Int32>,System.Boolean)
DA:10,2
DA:11,2
DA:12,2
DA:13,2
DA:14,2
DA:15,2
DA:16,2
DA:17,2
DA:18,2
DA:19,2
DA:20,2
DA:21,2
DA:22,2
DA:23,2
DA:24,2
DA:26,2
DA:27,1
DA:28,11
DA:29,4
DA:30,4
DA:31,4
DA:32,1
DA:33,2
BRDA:26,88,0,1
BRDA:28,125,1,4
BRDA:28,125,0,1
BRDA:26,88,1,2
FN:34,System.Void BlogAppCore.Domain.Entities.Post::.ctor()
FNDA:0,System.Void BlogAppCore.Domain.Entities.Post::.ctor()
DA:35,0
LF:51
LH:33
BRF:12
BRH:5
FNF:12
FNH:9
end_of_record
SF:/home/rousage/Projects/BlogAppCore/src/BlogAppCore.Domain/Entities/PostTag.cs
FN:12,System.Int32 BlogAppCore.Domain.Entities.PostTag::get_PostId()
FNDA:4,System.Int32 BlogAppCore.Domain.Entities.PostTag::get_PostId()
DA:13,4
FN:14,BlogAppCore.Domain.Entities.Post BlogAppCore.Domain.Entities.PostTag::get_Post()
FNDA:0,BlogAppCore.Domain.Entities.Post BlogAppCore.Domain.Entities.PostTag::get_Post()
DA:15,0
FN:16,System.Int32 BlogAppCore.Domain.Entities.PostTag::get_TagId()
FNDA:4,System.Int32 BlogAppCore.Domain.Entities.PostTag::get_TagId()
DA:17,4
FN:18,BlogAppCore.Domain.Entities.Tag BlogAppCore.Domain.Entities.PostTag::get_Tag()
FNDA:0,BlogAppCore.Domain.Entities.Tag BlogAppCore.Domain.Entities.PostTag::get_Tag()
DA:19,0
FN:4,System.Void BlogAppCore.Domain.Entities.PostTag::.ctor(System.Int32,System.Int32)
FNDA:4,System.Void BlogAppCore.Domain.Entities.PostTag::.ctor(System.Int32,System.Int32)
DA:5,4
DA:6,4
DA:7,4
DA:8,4
DA:9,4
FN:10,System.Void BlogAppCore.Domain.Entities.PostTag::.ctor()
FNDA:0,System.Void BlogAppCore.Domain.Entities.PostTag::.ctor()
DA:11,0
LF:10
LH:7
BRF:0
BRH:0
FNF:6
FNH:3
end_of_record
SF:/home/rousage/Projects/BlogAppCore/src/BlogAppCore.Domain/Entities/Tag.cs
FN:18,System.String BlogAppCore.Domain.Entities.Tag::get_Name()
FNDA:18,System.String BlogAppCore.Domain.Entities.Tag::get_Name()
DA:19,18
FN:20,System.String BlogAppCore.Domain.Entities.Tag::get_Slug()
FNDA:20,System.String BlogAppCore.Domain.Entities.Tag::get_Slug()
DA:21,20
FN:24,System.Collections.Generic.IEnumerable`1<BlogAppCore.Domain.Entities.PostTag> BlogAppCore.Domain.Entities.Tag::get_PostTags()
FNDA:6,System.Collections.Generic.IEnumerable`1<BlogAppCore.Domain.Entities.PostTag> BlogAppCore.Domain.Entities.Tag::get_PostTags()
DA:25,6
BRDA:25,7,0,0
BRDA:25,7,1,6
FN:27,System.Void BlogAppCore.Domain.Entities.Tag::Update(System.String,System.Boolean)
FNDA:4,System.Void BlogAppCore.Domain.Entities.Tag::Update(System.String,System.Boolean)
DA:28,4
DA:29,4
DA:30,4
DA:31,4
BRDA:30,16,0,2
BRDA:30,16,1,2
FN:9,System.Void BlogAppCore.Domain.Entities.Tag::.ctor(System.String)
FNDA:7,System.Void BlogAppCore.Domain.Entities.Tag::.ctor(System.String)
DA:10,7
DA:11,7
DA:12,7
DA:13,7
DA:14,7
DA:15,7
FN:16,System.Void BlogAppCore.Domain.Entities.Tag::.ctor()
FNDA:0,System.Void BlogAppCore.Domain.Entities.Tag::.ctor()
DA:17,0
LF:14
LH:13
BRF:4
BRH:3
FNF:6
FNH:5
end_of_record