SF:/home/rousage/Projects/BlogAppCore/src/BlogAppCore.Persistence/BlogAppCoreDbContext.cs
FN:10,Microsoft.EntityFrameworkCore.DbSet`1<BlogAppCore.Domain.Entities.Post> BlogAppCore.Persistence.BlogAppCoreDbContext::get_Posts()
FNDA:5,Microsoft.EntityFrameworkCore.DbSet`1<BlogAppCore.Domain.Entities.Post> BlogAppCore.Persistence.BlogAppCoreDbContext::get_Posts()
DA:11,5
FN:12,Microsoft.EntityFrameworkCore.DbSet`1<BlogAppCore.Domain.Entities.Category> BlogAppCore.Persistence.BlogAppCoreDbContext::get_Categories()
FNDA:5,Microsoft.EntityFrameworkCore.DbSet`1<BlogAppCore.Domain.Entities.Category> BlogAppCore.Persistence.BlogAppCoreDbContext::get_Categories()
DA:13,5
FN:14,Microsoft.EntityFrameworkCore.DbSet`1<BlogAppCore.Domain.Entities.Tag> BlogAppCore.Persistence.BlogAppCoreDbContext::get_Tags()
FNDA:15,Microsoft.EntityFrameworkCore.DbSet`1<BlogAppCore.Domain.Entities.Tag> BlogAppCore.Persistence.BlogAppCoreDbContext::get_Tags()
DA:15,15
FN:17,System.Void BlogAppCore.Persistence.BlogAppCoreDbContext::OnModelCreating(Microsoft.EntityFrameworkCore.ModelBuilder)
FNDA:1,System.Void BlogAppCore.Persistence.BlogAppCoreDbContext::OnModelCreating(Microsoft.EntityFrameworkCore.ModelBuilder)
DA:18,1
DA:19,1
DA:21,1
DA:22,1
FN:8,System.Void BlogAppCore.Persistence.BlogAppCoreDbContext::.ctor(Microsoft.EntityFrameworkCore.DbContextOptions`1<BlogAppCore.Persistence.BlogAppCoreDbContext>)
FNDA:15,System.Void BlogAppCore.Persistence.BlogAppCoreDbContext::.ctor(Microsoft.EntityFrameworkCore.DbContextOptions`1<BlogAppCore.Persistence.BlogAppCoreDbContext>)
DA:9,15
LF:8
LH:8
BRF:0
BRH:0
FNF:5
FNH:5
end_of_record
SF:/home/rousage/Projects/BlogAppCore/src/BlogAppCore.Persistence/BlogAppDbContextFactory.cs
FN:15,BlogAppCore.Persistence.BlogAppCoreDbContext BlogAppCore.Persistence.BlogAppDbContextFactory::CreateDbContext(System.String[])
FNDA:0,BlogAppCore.Persistence.BlogAppCoreDbContext BlogAppCore.Persistence.BlogAppDbContextFactory::CreateDbContext(System.String[])
DA:16,0
DA:17,0
DA:19,0
DA:20,0
FN:22,BlogAppCore.Persistence.BlogAppCoreDbContext BlogAppCore.Persistence.BlogAppDbContextFactory::Create(System.String,System.String)
FNDA:0,BlogAppCore.Persistence.BlogAppCoreDbContext BlogAppCore.Persistence.BlogAppDbContextFactory::Create(System.String,System.String)
DA:23,0
DA:24,0
DA:25,0
DA:26,0
DA:27,0
DA:28,0
DA:29,0
DA:30,0
DA:33,0
DA:34,0
DA:35,0
DA:36,0
DA:39,0
DA:40,0
DA:42,0
DA:43,0
BRDA:34,87,0,0
BRDA:34,87,1,0
BRDA:40,120,0,0
BRDA:40,120,1,0
LF:20
LH:0
BRF:4
BRH:0
FNF:2
FNH:0
end_of_record
SF:/home/rousage/Projects/BlogAppCore/src/BlogAppCore.Persistence/Migrations/20190620114628_InitialCreate.cs
FN:9,System.Void BlogAppCore.Persistence.Migrations.InitialCreate::Up(Microsoft.EntityFrameworkCore.Migrations.MigrationBuilder)
FNDA:0,System.Void BlogAppCore.Persistence.Migrations.InitialCreate::Up(Microsoft.EntityFrameworkCore.Migrations.MigrationBuilder)
DA:10,0
DA:11,0
DA:12,0
DA:13,0
DA:14,0
DA:15,0
DA:16,0
DA:17,0
DA:18,0
DA:19,0
DA:20,0
DA:21,0
DA:22,0
DA:23,0
DA:24,0
DA:26,0
DA:27,0
DA:28,0
DA:29,0
DA:30,0
DA:31,0
DA:32,0
DA:33,0
DA:34,0
DA:35,0
DA:36,0
DA:37,0
DA:38,0
DA:39,0
DA:41,0
DA:42,0
DA:43,0
DA:44,0
DA:45,0
DA:46,0
DA:47,0
DA:48,0
DA:49,0
DA:50,0
DA:51,0
DA:52,0
DA:53,0
DA:54,0
DA:55,0
DA:56,0
DA:57,0
DA:58,0
DA:59,0
DA:60,0
DA:61,0
DA:62,0
DA:63,0
DA:64,0
DA:66,0
DA:67,0
DA:68,0
DA:69,0
DA:70,0
DA:71,0
DA:72,0
DA:73,0
DA:74,0
DA:75,0
DA:76,0
DA:77,0
DA:78,0
DA:79,0
DA:80,0
DA:81,0
DA:82,0
DA:83,0
DA:84,0
DA:85,0
DA:86,0
DA:87,0
DA:88,0
DA:90,0
DA:91,0
DA:92,0
DA:93,0
DA:94,0
DA:96,0
DA:97,0
DA:98,0
DA:99,0
DA:101,0
DA:102,0
DA:103,0
DA:104,0
DA:106,0
DA:107,0
DA:108,0
DA:109,0
DA:110,0
DA:111,0
BRDA:11,13,0,0
BRDA:11,13,1,0
BRDA:11,45,0,0
BRDA:11,45,1,0
BRDA:26,88,0,0
BRDA:26,88,1,0
BRDA:26,120,0,0
BRDA:26,120,1,0
BRDA:41,163,0,0
BRDA:41,163,1,0
BRDA:41,195,0,0
BRDA:41,195,1,0
BRDA:66,238,0,0
BRDA:66,238,1,0
BRDA:66,270,0,0
BRDA:66,270,1,0
FN:113,System.Void BlogAppCore.Persistence.Migrations.InitialCreate::Down(Microsoft.EntityFrameworkCore.Migrations.MigrationBuilder)
FNDA:0,System.Void BlogAppCore.Persistence.Migrations.InitialCreate::Down(Microsoft.EntityFrameworkCore.Migrations.MigrationBuilder)
DA:114,0
DA:115,0
DA:116,0
DA:118,0
DA:119,0
DA:121,0
DA:122,0
DA:124,0
DA:125,0
DA:126,0
LF:105
LH:0
BRF:16
BRH:0
FNF:2
FNH:0
end_of_record
SF:/home/rousage/Projects/BlogAppCore/src/BlogAppCore.Persistence/Migrations/20190620114628_InitialCreate.Designer.cs
FN:16,System.Void BlogAppCore.Persistence.Migrations.InitialCreate::BuildTargetModel(Microsoft.EntityFrameworkCore.ModelBuilder)
FNDA:0,System.Void BlogAppCore.Persistence.Migrations.InitialCreate::BuildTargetModel(Microsoft.EntityFrameworkCore.ModelBuilder)
DA:17,0
DA:19,0
DA:20,0
DA:21,0
DA:22,0
DA:24,0
DA:25,0
DA:26,0
DA:27,0
DA:28,0
DA:29,0
DA:30,0
DA:31,0
DA:32,0
DA:33,0
DA:34,0
DA:35,0
DA:36,0
DA:37,0
DA:38,0
DA:39,0
DA:40,0
DA:41,0
DA:42,0
DA:43,0
DA:44,0
DA:45,0
DA:46,0
DA:48,0
DA:49,0
DA:50,0
DA:51,0
DA:52,0
DA:53,0
DA:54,0
DA:55,0
DA:56,0
DA:57,0
DA:58,0
DA:59,0
DA:60,0
DA:61,0
DA:62,0
DA:63,0
DA:64,0
DA:65,0
DA:66,0
DA:67,0
DA:68,0
DA:69,0
DA:70,0
DA:71,0
DA:72,0
DA:73,0
DA:74,0
DA:75,0
DA:76,0
DA:77,0
DA:78,0
DA:79,0
DA:81,0
DA:82,0
DA:83,0
DA:84,0
DA:85,0
DA:86,0
DA:87,0
DA:88,0
DA:89,0
DA:90,0
DA:91,0
DA:92,0
DA:94,0
DA:95,0
DA:96,0
DA:97,0
DA:98,0
DA:99,0
DA:100,0
DA:101,0
DA:102,0
DA:103,0
DA:104,0
DA:105,0
DA:106,0
DA:107,0
DA:108,0
DA:109,0
DA:110,0
DA:111,0
DA:112,0
DA:113,0
DA:114,0
DA:115,0
DA:116,0
DA:118,0
DA:119,0
DA:120,0
DA:121,0
DA:122,0
DA:123,0
DA:124,0
DA:126,0
DA:127,0
DA:128,0
DA:129,0
DA:130,0
DA:131,0
DA:132,0
DA:133,0
DA:134,0
DA:135,0
DA:136,0
DA:137,0
DA:139,0
BRDA:24,63,0,0
BRDA:24,63,1,0
BRDA:48,106,0,0
BRDA:48,106,1,0
BRDA:81,149,0,0
BRDA:81,149,1,0
BRDA:94,192,0,0
BRDA:94,192,1,0
BRDA:118,235,0,0
BRDA:118,235,1,0
BRDA:126,278,0,0
BRDA:126,278,1,0
LF:115
LH:0
BRF:12
BRH:0
FNF:1
FNH:0
end_of_record
SF:/home/rousage/Projects/BlogAppCore/src/BlogAppCore.Persistence/Migrations/BlogAppCoreDbContextModelSnapshot.cs
FN:14,System.Void BlogAppCore.Persistence.Migrations.BlogAppCoreDbContextModelSnapshot::BuildModel(Microsoft.EntityFrameworkCore.ModelBuilder)
FNDA:0,System.Void BlogAppCore.Persistence.Migrations.BlogAppCoreDbContextModelSnapshot::BuildModel(Microsoft.EntityFrameworkCore.ModelBuilder)
DA:15,0
DA:17,0
DA:18,0
DA:19,0
DA:20,0
DA:22,0
DA:23,0
DA:24,0
DA:25,0
DA:26,0
DA:27,0
DA:28,0
DA:29,0
DA:30,0
DA:31,0
DA:32,0
DA:33,0
DA:34,0
DA:35,0
DA:36,0
DA:37,0
DA:38,0
DA:39,0
DA:40,0
DA:41,0
DA:42,0
DA:43,0
DA:44,0
DA:46,0
DA:47,0
DA:48,0
DA:49,0
DA:50,0
DA:51,0
DA:52,0
DA:53,0
DA:54,0
DA:55,0
DA:56,0
DA:57,0
DA:58,0
DA:59,0
DA:60,0
DA:61,0
DA:62,0
DA:63,0
DA:64,0
DA:65,0
DA:66,0
DA:67,0
DA:68,0
DA:69,0
DA:70,0
DA:71,0
DA:72,0
DA:73,0
DA:74,0
DA:75,0
DA:76,0
DA:77,0
DA:79,0
DA:80,0
DA:81,0
DA:82,0
DA:83,0
DA:84,0
DA:85,0
DA:86,0
DA:87,0
DA:88,0
DA:89,0
DA:90,0
DA:92,0
DA:93,0
DA:94,0
DA:95,0
DA:96,0
DA:97,0
DA:98,0
DA:99,0
DA:100,0
DA:101,0
DA:102,0
DA:103,0
DA:104,0
DA:105,0
DA:106,0
DA:107,0
DA:108,0
DA:109,0
DA:110,0
DA:111,0
DA:112,0
DA:113,0
DA:114,0
DA:116,0
DA:117,0
DA:118,0
DA:119,0
DA:120,0
DA:121,0
DA:122,0
DA:124,0
DA:125,0
DA:126,0
DA:127,0
DA:128,0
DA:129,0
DA:130,0
DA:131,0
DA:132,0
DA:133,0
DA:134,0
DA:135,0
DA:137,0
BRDA:22,63,0,0
BRDA:22,63,1,0
BRDA:46,106,0,0
BRDA:46,106,1,0
BRDA:79,149,0,0
BRDA:79,149,1,0
BRDA:92,192,0,0
BRDA:92,192,1,0
BRDA:116,235,0,0
BRDA:116,235,1,0
BRDA:124,278,0,0
BRDA:124,278,1,0
LF:115
LH:0
BRF:12
BRH:0
FNF:1
FNH:0
end_of_record
SF:/home/rousage/Projects/BlogAppCore/src/BlogAppCore.Persistence/Configurations/CategoryConfiguration.cs
FN:9,System.Void BlogAppCore.Persistence.Configurations.CategoryConfiguration::Configure(Microsoft.EntityFrameworkCore.Metadata.Builders.EntityTypeBuilder`1<BlogAppCore.Domain.Entities.Category>)
FNDA:1,System.Void BlogAppCore.Persistence.Configurations.CategoryConfiguration::Configure(Microsoft.EntityFrameworkCore.Metadata.Builders.EntityTypeBuilder`1<BlogAppCore.Domain.Entities.Category>)
DA:10,1
DA:11,1
DA:13,1
DA:14,1
DA:15,1
DA:17,1
DA:18,1
DA:19,1
DA:21,1
DA:22,1
DA:23,1
DA:25,1
DA:26,1
DA:27,1
DA:28,1
LF:15
LH:15
BRF:0
BRH:0
FNF:1
FNH:1
end_of_record
SF:/home/rousage/Projects/BlogAppCore/src/BlogAppCore.Persistence/Configurations/PostConfigurations.cs
FN:9,System.Void BlogAppCore.Persistence.Configurations.PostConfigurations::Configure(Microsoft.EntityFrameworkCore.Metadata.Builders.EntityTypeBuilder`1<BlogAppCore.Domain.Entities.Post>)
FNDA:1,System.Void BlogAppCore.Persistence.Configurations.PostConfigurations::Configure(Microsoft.EntityFrameworkCore.Metadata.Builders.EntityTypeBuilder`1<BlogAppCore.Domain.Entities.Post>)
DA:10,1
DA:11,1
DA:13,1
DA:14,1
DA:15,1
DA:17,1
DA:18,1
DA:19,1
DA:21,1
DA:22,1
DA:23,1
DA:25,1
DA:26,1
DA:28,1
DA:29,1
DA:30,1
DA:31,1
DA:33,1
DA:34,1
DA:35,1
DA:36,1
LF:21
LH:21
BRF:0
BRH:0
FNF:1
FNH:1
end_of_record
SF:/home/rousage/Projects/BlogAppCore/src/BlogAppCore.Persistence/Configurations/PostTagConfiguration.cs
FN:9,System.Void BlogAppCore.Persistence.Configurations.PostTagConfiguration::Configure(Microsoft.EntityFrameworkCore.Metadata.Builders.EntityTypeBuilder`1<BlogAppCore.Domain.Entities.PostTag>)
FNDA:1,System.Void BlogAppCore.Persistence.Configurations.PostTagConfiguration::Configure(Microsoft.EntityFrameworkCore.Metadata.Builders.EntityTypeBuilder`1<BlogAppCore.Domain.Entities.PostTag>)
DA:10,1
DA:11,1
DA:13,1
DA:14,1
DA:15,1
DA:16,1
DA:17,1
DA:19,1
DA:20,1
DA:21,1
DA:22,1
DA:23,1
DA:24,1
LF:13
LH:13
BRF:0
BRH:0
FNF:1
FNH:1
end_of_record
SF:/home/rousage/Projects/BlogAppCore/src/BlogAppCore.Persistence/Configurations/TagConfiguration.cs
FN:9,System.Void BlogAppCore.Persistence.Configurations.TagConfiguration::Configure(Microsoft.EntityFrameworkCore.Metadata.Builders.EntityTypeBuilder`1<BlogAppCore.Domain.Entities.Tag>)
FNDA:1,System.Void BlogAppCore.Persistence.Configurations.TagConfiguration::Configure(Microsoft.EntityFrameworkCore.Metadata.Builders.EntityTypeBuilder`1<BlogAppCore.Domain.Entities.Tag>)
DA:10,1
DA:11,1
DA:13,1
DA:14,1
DA:15,1
DA:17,1
DA:18,1
DA:19,1
DA:21,1
DA:22,1
DA:23,1
DA:25,1
DA:26,1
DA:27,1
DA:28,1
LF:15
LH:15
BRF:0
BRH:0
FNF:1
FNH:1
end_of_record
SF:/home/rousage/Projects/BlogAppCore/src/BlogAppCore.Application/Tags/Commands/Update/UpdateTagCommand.cs
FN:6,System.Int32 BlogAppCore.Application.Tags.Commands.Update.UpdateTagCommand::get_Id()
FNDA:5,System.Int32 BlogAppCore.Application.Tags.Commands.Update.UpdateTagCommand::get_Id()
DA:7,5
FN:8,System.String BlogAppCore.Application.Tags.Commands.Update.UpdateTagCommand::get_Name()
FNDA:3,System.String BlogAppCore.Application.Tags.Commands.Update.UpdateTagCommand::get_Name()
DA:9,3
FN:10,System.Boolean BlogAppCore.Application.Tags.Commands.Update.UpdateTagCommand::get_UpdateSlug()
FNDA:3,System.Boolean BlogAppCore.Application.Tags.Commands.Update.UpdateTagCommand::get_UpdateSlug()
DA:11,3
LF:3
LH:3
BRF:0
BRH:0
FNF:3
FNH:3
end_of_record
SF:/home/rousage/Projects/BlogAppCore/src/BlogAppCore.Application/Tags/Commands/Update/UpdateTagCommandHandler.cs
FN:14,System.Void BlogAppCore.Application.Tags.Commands.Update.UpdateTagCommandHandler::.ctor(BlogAppCore.Application.Interfaces.IBlogAppCoreDbContext)
FNDA:2,System.Void BlogAppCore.Application.Tags.Commands.Update.UpdateTagCommandHandler::.ctor(BlogAppCore.Application.Interfaces.IBlogAppCoreDbContext)
DA:15,2
DA:16,2
DA:17,2
DA:18,2
FN:20,System.Void BlogAppCore.Application.Tags.Commands.Update.UpdateTagCommandHandler/<Handle>d__2::MoveNext()
FNDA:2,System.Void BlogAppCore.Application.Tags.Commands.Update.UpdateTagCommandHandler/<Handle>d__2::MoveNext()
DA:21,2
DA:22,2
DA:23,2
DA:24,2
DA:25,1
DA:26,1
DA:29,1
DA:30,1
DA:32,1
DA:33,1
BRDA:21,17,0,2
BRDA:22,211,1,2
BRDA:24,326,0,1
BRDA:24,326,1,1
BRDA:30,446,1,1
LF:14
LH:14
BRF:5
BRH:5
FNF:2
FNH:2
end_of_record
SF:/home/rousage/Projects/BlogAppCore/src/BlogAppCore.Application/Tags/Commands/Update/UpdateTagCommandValidator.cs
FN:7,System.Void BlogAppCore.Application.Tags.Commands.Update.UpdateTagCommandValidator::.ctor()
FNDA:0,System.Void BlogAppCore.Application.Tags.Commands.Update.UpdateTagCommandValidator::.ctor()
DA:8,0
DA:9,0
DA:10,0
DA:11,0
DA:12,0
LF:5
LH:0
BRF:0
BRH:0
FNF:1
FNH:0
end_of_record
SF:/home/rousage/Projects/BlogAppCore/src/BlogAppCore.Application/Tags/Commands/Delete/DeleteTagCommand.cs
FN:6,System.Int32 BlogAppCore.Application.Tags.Commands.Delete.DeleteTagCommand::get_Id()
FNDA:5,System.Int32 BlogAppCore.Application.Tags.Commands.Delete.DeleteTagCommand::get_Id()
DA:7,5
LF:1
LH:1
BRF:0
BRH:0
FNF:1
FNH:1
end_of_record
SF:/home/rousage/Projects/BlogAppCore/src/BlogAppCore.Application/Tags/Commands/Delete/DeleteTagCommandHandler.cs
FN:14,System.Void BlogAppCore.Application.Tags.Commands.Delete.DeleteTagCommandHandler::.ctor(BlogAppCore.Application.Interfaces.IBlogAppCoreDbContext)
FNDA:2,System.Void BlogAppCore.Application.Tags.Commands.Delete.DeleteTagCommandHandler::.ctor(BlogAppCore.Application.Interfaces.IBlogAppCoreDbContext)
DA:15,2
DA:16,2
DA:17,2
DA:18,2
FN:20,System.Void BlogAppCore.Application.Tags.Commands.Delete.DeleteTagCommandHandler/<Handle>d__2::MoveNext()
FNDA:2,System.Void BlogAppCore.Application.Tags.Commands.Delete.DeleteTagCommandHandler/<Handle>d__2::MoveNext()
DA:21,2
DA:22,2
DA:23,2
DA:24,2
DA:25,1
DA:26,1
DA:29,1
DA:30,1
DA:32,1
DA:33,1
BRDA:21,17,0,2
BRDA:22,211,1,2
BRDA:24,326,0,1
BRDA:24,326,1,1
BRDA:30,430,1,1
LF:14
LH:14
BRF:5
BRH:5
FNF:2
FNH:2
end_of_record
SF:/home/rousage/Projects/BlogAppCore/src/BlogAppCore.Application/Tags/Commands/Delete/DeleteTagCommandValidator.cs
FN:6,System.Void BlogAppCore.Application.Tags.Commands.Delete.DeleteTagCommandValidator::.ctor()
FNDA:0,System.Void BlogAppCore.Application.Tags.Commands.Delete.DeleteTagCommandValidator::.ctor()
DA:7,0
DA:8,0
DA:9,0
DA:10,0
LF:4
LH:0
BRF:0
BRH:0
FNF:1
FNH:0
end_of_record
SF:/home/rousage/Projects/BlogAppCore/src/BlogAppCore.Application/Tags/Commands/Create/CreateTagCommand.cs
FN:6,System.String BlogAppCore.Application.Tags.Commands.Create.CreateTagCommand::get_Name()
FNDA:2,System.String BlogAppCore.Application.Tags.Commands.Create.CreateTagCommand::get_Name()
DA:7,2
LF:1
LH:1
BRF:0
BRH:0
FNF:1
FNH:1
end_of_record
SF:/home/rousage/Projects/BlogAppCore/src/BlogAppCore.Application/Tags/Commands/Create/CreateTagCommandHandler.cs
FN:12,System.Void BlogAppCore.Application.Tags.Commands.Create.CreateTagCommandHandler::.ctor(BlogAppCore.Application.Interfaces.IBlogAppCoreDbContext)
FNDA:1,System.Void BlogAppCore.Application.Tags.Commands.Create.CreateTagCommandHandler::.ctor(BlogAppCore.Application.Interfaces.IBlogAppCoreDbContext)
DA:13,1
DA:14,1
DA:15,1
DA:16,1
FN:18,System.Void BlogAppCore.Application.Tags.Commands.Create.CreateTagCommandHandler/<Handle>d__2::MoveNext()
FNDA:1,System.Void BlogAppCore.Application.Tags.Commands.Create.CreateTagCommandHandler/<Handle>d__2::MoveNext()
DA:19,1
DA:20,1
DA:22,1
DA:23,1
DA:25,1
DA:26,1
BRDA:23,98,1,1
LF:10
LH:10
BRF:1
BRH:1
FNF:2
FNH:2
end_of_record
SF:/home/rousage/Projects/BlogAppCore/src/BlogAppCore.Application/Tags/Commands/Create/CreateTagCommandValidator.cs
FN:7,System.Void BlogAppCore.Application.Tags.Commands.Create.CreateTagCommandValidator::.ctor()
FNDA:0,System.Void BlogAppCore.Application.Tags.Commands.Create.CreateTagCommandValidator::.ctor()
DA:8,0
DA:9,0
DA:10,0
DA:11,0
LF:4
LH:0
BRF:0
BRH:0
FNF:1
FNH:0
end_of_record
SF:/home/rousage/Projects/BlogAppCore/src/BlogAppCore.Application/Posts/Update/UpdatePostCommand.cs
FN:7,System.Int32 BlogAppCore.Application.Posts.Update.UpdatePostCommand::get_Id()
FNDA:0,System.Int32 BlogAppCore.Application.Posts.Update.UpdatePostCommand::get_Id()
DA:8,0
FN:9,System.String BlogAppCore.Application.Posts.Update.UpdatePostCommand::get_Title()
FNDA:0,System.String BlogAppCore.Application.Posts.Update.UpdatePostCommand::get_Title()
DA:10,0
FN:11,System.String BlogAppCore.Application.Posts.Update.UpdatePostCommand::get_Description()
FNDA:0,System.String BlogAppCore.Application.Posts.Update.UpdatePostCommand::get_Description()
DA:12,0
FN:13,System.String BlogAppCore.Application.Posts.Update.UpdatePostCommand::get_Content()
FNDA:0,System.String BlogAppCore.Application.Posts.Update.UpdatePostCommand::get_Content()
DA:14,0
FN:15,System.Int32 BlogAppCore.Application.Posts.Update.UpdatePostCommand::get_CategoryId()
FNDA:0,System.Int32 BlogAppCore.Application.Posts.Update.UpdatePostCommand::get_CategoryId()
DA:16,0
FN:17,System.Collections.Generic.IEnumerable`1<System.Int32> BlogAppCore.Application.Posts.Update.UpdatePostCommand::get_Tags()
FNDA:0,System.Collections.Generic.IEnumerable`1<System.Int32> BlogAppCore.Application.Posts.Update.UpdatePostCommand::get_Tags()
DA:18,0
FN:19,System.Boolean BlogAppCore.Application.Posts.Update.UpdatePostCommand::get_Published()
FNDA:0,System.Boolean BlogAppCore.Application.Posts.Update.UpdatePostCommand::get_Published()
DA:20,0
FN:21,System.Boolean BlogAppCore.Application.Posts.Update.UpdatePostCommand::get_UpdateSlug()
FNDA:0,System.Boolean BlogAppCore.Application.Posts.Update.UpdatePostCommand::get_UpdateSlug()
DA:22,0
LF:8
LH:0
BRF:0
BRH:0
FNF:8
FNH:0
end_of_record
SF:/home/rousage/Projects/BlogAppCore/src/BlogAppCore.Application/Posts/Update/UpdatePostCommandHandler.cs
FN:14,System.Void BlogAppCore.Application.Posts.Update.UpdatePostCommandHandler::.ctor(BlogAppCore.Application.Interfaces.IBlogAppCoreDbContext)
FNDA:0,System.Void BlogAppCore.Application.Posts.Update.UpdatePostCommandHandler::.ctor(BlogAppCore.Application.Interfaces.IBlogAppCoreDbContext)
DA:15,0
DA:16,0
DA:17,0
DA:18,0
FN:20,System.Void BlogAppCore.Application.Posts.Update.UpdatePostCommandHandler/<Handle>d__2::MoveNext()
FNDA:0,System.Void BlogAppCore.Application.Posts.Update.UpdatePostCommandHandler/<Handle>d__2::MoveNext()
DA:21,0
DA:22,0
DA:23,0
DA:24,0
DA:25,0
DA:26,0
DA:27,0
DA:30,0
DA:31,0
DA:32,0
DA:34,0
DA:35,0
BRDA:21,17,0,0
BRDA:22,273,0,0
BRDA:22,273,1,0
BRDA:25,388,0,0
BRDA:25,388,1,0
BRDA:32,588,0,0
BRDA:21,17,1,0
BRDA:32,588,1,0
LF:16
LH:0
BRF:8
BRH:0
FNF:2
FNH:0
end_of_record
SF:/home/rousage/Projects/BlogAppCore/src/BlogAppCore.Application/Posts/Update/UpdatePostCommandValidator.cs
FN:6,System.Void BlogAppCore.Application.Posts.Update.UpdatePostCommandValidator::.ctor()
FNDA:0,System.Void BlogAppCore.Application.Posts.Update.UpdatePostCommandValidator::.ctor()
DA:7,0
DA:8,0
DA:9,0
DA:10,0
DA:11,0
DA:12,0
DA:13,0
DA:14,0
LF:8
LH:0
BRF:0
BRH:0
FNF:1
FNH:0
end_of_record
SF:/home/rousage/Projects/BlogAppCore/src/BlogAppCore.Application/Posts/Delete/DeletePostCommand.cs
FN:6,System.Int32 BlogAppCore.Application.Posts.Delete.DeletePostCommand::get_Id()
FNDA:0,System.Int32 BlogAppCore.Application.Posts.Delete.DeletePostCommand::get_Id()
DA:7,0
LF:1
LH:0
BRF:0
BRH:0
FNF:1
FNH:0
end_of_record
SF:/home/rousage/Projects/BlogAppCore/src/BlogAppCore.Application/Posts/Delete/DeletePostCommandHandler.cs
FN:14,System.Void BlogAppCore.Application.Posts.Delete.DeletePostCommandHandler::.ctor(BlogAppCore.Application.Interfaces.IBlogAppCoreDbContext)
FNDA:0,System.Void BlogAppCore.Application.Posts.Delete.DeletePostCommandHandler::.ctor(BlogAppCore.Application.Interfaces.IBlogAppCoreDbContext)
DA:15,0
DA:16,0
DA:17,0
DA:18,0
FN:20,System.Void BlogAppCore.Application.Posts.Delete.DeletePostCommandHandler/<Handle>d__2::MoveNext()
FNDA:0,System.Void BlogAppCore.Application.Posts.Delete.DeletePostCommandHandler/<Handle>d__2::MoveNext()
DA:21,0
DA:22,0
DA:23,0
DA:24,0
DA:25,0
DA:26,0
DA:29,0
DA:30,0
DA:32,0
DA:33,0
BRDA:21,17,0,0
BRDA:22,211,0,0
BRDA:22,211,1,0
BRDA:24,326,0,0
BRDA:24,326,1,0
BRDA:30,430,0,0
BRDA:21,17,1,0
BRDA:30,430,1,0
LF:14
LH:0
BRF:8
BRH:0
FNF:2
FNH:0
end_of_record
SF:/home/rousage/Projects/BlogAppCore/src/BlogAppCore.Application/Posts/Delete/DeletePostCommandValidator.cs
FN:6,System.Void BlogAppCore.Application.Posts.Delete.DeletePostCommandValidator::.ctor()
FNDA:0,System.Void BlogAppCore.Application.Posts.Delete.DeletePostCommandValidator::.ctor()
DA:7,0
DA:8,0
DA:9,0
DA:10,0
LF:4
LH:0
BRF:0
BRH:0
FNF:1
FNH:0
end_of_record
SF:/home/rousage/Projects/BlogAppCore/src/BlogAppCore.Application/Posts/Create/CreatePostCommand.cs
FN:7,System.String BlogAppCore.Application.Posts.Create.CreatePostCommand::get_Title()
FNDA:0,System.String BlogAppCore.Application.Posts.Create.CreatePostCommand::get_Title()
DA:8,0
FN:9,System.String BlogAppCore.Application.Posts.Create.CreatePostCommand::get_Description()
FNDA:0,System.String BlogAppCore.Application.Posts.Create.CreatePostCommand::get_Description()
DA:10,0
FN:11,System.String BlogAppCore.Application.Posts.Create.CreatePostCommand::get_Content()
FNDA:0,System.String BlogAppCore.Application.Posts.Create.CreatePostCommand::get_Content()
DA:12,0
FN:13,System.Int32 BlogAppCore.Application.Posts.Create.CreatePostCommand::get_CategoryId()
FNDA:0,System.Int32 BlogAppCore.Application.Posts.Create.CreatePostCommand::get_CategoryId()
DA:14,0
FN:15,System.Collections.Generic.IEnumerable`1<System.Int32> BlogAppCore.Application.Posts.Create.CreatePostCommand::get_Tags()
FNDA:0,System.Collections.Generic.IEnumerable`1<System.Int32> BlogAppCore.Application.Posts.Create.CreatePostCommand::get_Tags()
DA:16,0
FN:17,System.Boolean BlogAppCore.Application.Posts.Create.CreatePostCommand::get_Published()
FNDA:0,System.Boolean BlogAppCore.Application.Posts.Create.CreatePostCommand::get_Published()
DA:18,0
LF:6
LH:0
BRF:0
BRH:0
FNF:6
FNH:0
end_of_record
SF:/home/rousage/Projects/BlogAppCore/src/BlogAppCore.Application/Posts/Create/CreatePostCommandHandler.cs
FN:12,System.Void BlogAppCore.Application.Posts.Create.CreatePostCommandHandler::.ctor(BlogAppCore.Application.Interfaces.IBlogAppCoreDbContext)
FNDA:0,System.Void BlogAppCore.Application.Posts.Create.CreatePostCommandHandler::.ctor(BlogAppCore.Application.Interfaces.IBlogAppCoreDbContext)
DA:13,0
DA:14,0
DA:15,0
DA:16,0
FN:18,System.Void BlogAppCore.Application.Posts.Create.CreatePostCommandHandler/<Handle>d__2::MoveNext()
FNDA:0,System.Void BlogAppCore.Application.Posts.Create.CreatePostCommandHandler/<Handle>d__2::MoveNext()
DA:19,0
DA:20,0
DA:21,0
DA:23,0
DA:24,0
DA:26,0
DA:27,0
BRDA:24,156,0,0
BRDA:24,156,1,0
LF:11
LH:0
BRF:2
BRH:0
FNF:2
FNH:0
end_of_record
SF:/home/rousage/Projects/BlogAppCore/src/BlogAppCore.Application/Posts/Create/CreatePostCommandValidator.cs
FN:6,System.Void BlogAppCore.Application.Posts.Create.CreatePostCommandValidator::.ctor()
FNDA:0,System.Void BlogAppCore.Application.Posts.Create.CreatePostCommandValidator::.ctor()
DA:7,0
DA:8,0
DA:9,0
DA:10,0
DA:11,0
DA:12,0
DA:13,0
LF:7
LH:0
BRF:0
BRH:0
FNF:1
FNH:0
end_of_record
SF:/home/rousage/Projects/BlogAppCore/src/BlogAppCore.Application/Exceptions/DeleteFailureException.cs
FN:10,System.Void BlogAppCore.Application.Exceptions.DeleteFailureException::.ctor(System.String,System.String,System.Object,System.String)
FNDA:0,System.Void BlogAppCore.Application.Exceptions.DeleteFailureException::.ctor(System.String,System.String,System.Object,System.String)
DA:11,0
LF:1
LH:0
BRF:0
BRH:0
FNF:1
FNH:0
end_of_record
SF:/home/rousage/Projects/BlogAppCore/src/BlogAppCore.Application/Exceptions/NotFoundException.cs
FN:9,System.Void BlogAppCore.Application.Exceptions.NotFoundException::.ctor(System.String,System.String,System.Object)
FNDA:6,System.Void BlogAppCore.Application.Exceptions.NotFoundException::.ctor(System.String,System.String,System.Object)
DA:10,6
LF:1
LH:1
BRF:0
BRH:0
FNF:1
FNH:1
end_of_record
SF:/home/rousage/Projects/BlogAppCore/src/BlogAppCore.Application/Categories/Commands/Update/UpdateCategoryCommand.cs
FN:6,System.Int32 BlogAppCore.Application.Categories.Commands.Update.UpdateCategoryCommand::get_Id()
FNDA:0,System.Int32 BlogAppCore.Application.Categories.Commands.Update.UpdateCategoryCommand::get_Id()
DA:7,0
FN:8,System.String BlogAppCore.Application.Categories.Commands.Update.UpdateCategoryCommand::get_Name()
FNDA:0,System.String BlogAppCore.Application.Categories.Commands.Update.UpdateCategoryCommand::get_Name()
DA:9,0
FN:10,System.Boolean BlogAppCore.Application.Categories.Commands.Update.UpdateCategoryCommand::get_UpdateSlug()
FNDA:0,System.Boolean BlogAppCore.Application.Categories.Commands.Update.UpdateCategoryCommand::get_UpdateSlug()
DA:11,0
LF:3
LH:0
BRF:0
BRH:0
FNF:3
FNH:0
end_of_record
SF:/home/rousage/Projects/BlogAppCore/src/BlogAppCore.Application/Categories/Commands/Update/UpdateCategoryCommandHandler.cs
FN:14,System.Void BlogAppCore.Application.Categories.Commands.Update.UpdateCategoryCommandHandler::.ctor(BlogAppCore.Application.Interfaces.IBlogAppCoreDbContext)
FNDA:0,System.Void BlogAppCore.Application.Categories.Commands.Update.UpdateCategoryCommandHandler::.ctor(BlogAppCore.Application.Interfaces.IBlogAppCoreDbContext)
DA:15,0
DA:16,0
DA:17,0
DA:18,0
FN:20,System.Void BlogAppCore.Application.Categories.Commands.Update.UpdateCategoryCommandHandler/<Handle>d__2::MoveNext()
FNDA:0,System.Void BlogAppCore.Application.Categories.Commands.Update.UpdateCategoryCommandHandler/<Handle>d__2::MoveNext()
DA:21,0
DA:22,0
DA:23,0
DA:24,0
DA:25,0
DA:26,0
DA:29,0
DA:30,0
DA:32,0
DA:33,0
BRDA:21,17,0,0
BRDA:22,211,0,0
BRDA:22,211,1,0
BRDA:24,326,0,0
BRDA:24,326,1,0
BRDA:30,446,0,0
BRDA:21,17,1,0
BRDA:30,446,1,0
LF:14
LH:0
BRF:8
BRH:0
FNF:2
FNH:0
end_of_record
SF:/home/rousage/Projects/BlogAppCore/src/BlogAppCore.Application/Categories/Commands/Update/UpdateCategoryCommandValidator.cs
FN:7,System.Void BlogAppCore.Application.Categories.Commands.Update.UpdateCategoryCommandValidator::.ctor()
FNDA:0,System.Void BlogAppCore.Application.Categories.Commands.Update.UpdateCategoryCommandValidator::.ctor()
DA:8,0
DA:9,0
DA:10,0
DA:11,0
DA:12,0
LF:5
LH:0
BRF:0
BRH:0
FNF:1
FNH:0
end_of_record
SF:/home/rousage/Projects/BlogAppCore/src/BlogAppCore.Application/Categories/Commands/Delete/DeleteCategoryCommand.cs
FN:6,System.Int32 BlogAppCore.Application.Categories.Commands.Delete.DeleteCategoryCommand::get_Id()
FNDA:0,System.Int32 BlogAppCore.Application.Categories.Commands.Delete.DeleteCategoryCommand::get_Id()
DA:7,0
LF:1
LH:0
BRF:0
BRH:0
FNF:1
FNH:0
end_of_record
SF:/home/rousage/Projects/BlogAppCore/src/BlogAppCore.Application/Categories/Commands/Delete/DeleteCategoryCommandHandler.cs
FN:15,System.Void BlogAppCore.Application.Categories.Commands.Delete.DeleteCategoryCommandHandler::.ctor(BlogAppCore.Application.Interfaces.IBlogAppCoreDbContext)
FNDA:0,System.Void BlogAppCore.Application.Categories.Commands.Delete.DeleteCategoryCommandHandler::.ctor(BlogAppCore.Application.Interfaces.IBlogAppCoreDbContext)
DA:16,0
DA:17,0
DA:18,0
DA:19,0
FN:21,System.Void BlogAppCore.Application.Categories.Commands.Delete.DeleteCategoryCommandHandler/<Handle>d__2::MoveNext()
FNDA:0,System.Void BlogAppCore.Application.Categories.Commands.Delete.DeleteCategoryCommandHandler/<Handle>d__2::MoveNext()
DA:22,0
DA:23,0
DA:24,0
DA:25,0
DA:26,0
DA:27,0
DA:30,0
DA:31,0
DA:32,0
DA:33,0
DA:34,0
DA:37,0
DA:38,0
DA:40,0
DA:41,0
BRDA:22,17,0,0
BRDA:23,211,0,0
BRDA:23,211,1,0
BRDA:25,336,0,0
BRDA:25,336,1,0
BRDA:31,531,0,0
BRDA:31,531,1,0
BRDA:38,640,0,0
BRDA:22,17,1,0
BRDA:38,640,1,0
LF:19
LH:0
BRF:10
BRH:0
FNF:2
FNH:0
end_of_record
SF:/home/rousage/Projects/BlogAppCore/src/BlogAppCore.Application/Categories/Commands/Delete/DeleteCategoryCommandValidator.cs
FN:6,System.Void BlogAppCore.Application.Categories.Commands.Delete.DeleteCategoryCommandValidator::.ctor()
FNDA:0,System.Void BlogAppCore.Application.Categories.Commands.Delete.DeleteCategoryCommandValidator::.ctor()
DA:7,0
DA:8,0
DA:9,0
DA:10,0
LF:4
LH:0
BRF:0
BRH:0
FNF:1
FNH:0
end_of_record
SF:/home/rousage/Projects/BlogAppCore/src/BlogAppCore.Application/Categories/Commands/Create/CreateCategoryCommand.cs
FN:6,System.String BlogAppCore.Application.Categories.Commands.Create.CreateCategoryCommand::get_Name()
FNDA:0,System.String BlogAppCore.Application.Categories.Commands.Create.CreateCategoryCommand::get_Name()
DA:7,0
LF:1
LH:0
BRF:0
BRH:0
FNF:1
FNH:0
end_of_record
SF:/home/rousage/Projects/BlogAppCore/src/BlogAppCore.Application/Categories/Commands/Create/CreateCategoryCommandHandler.cs
FN:12,System.Void BlogAppCore.Application.Categories.Commands.Create.CreateCategoryCommandHandler::.ctor(BlogAppCore.Application.Interfaces.IBlogAppCoreDbContext)
FNDA:0,System.Void BlogAppCore.Application.Categories.Commands.Create.CreateCategoryCommandHandler::.ctor(BlogAppCore.Application.Interfaces.IBlogAppCoreDbContext)
DA:13,0
DA:14,0
DA:15,0
DA:16,0
FN:18,System.Void BlogAppCore.Application.Categories.Commands.Create.CreateCategoryCommandHandler/<Handle>d__2::MoveNext()
FNDA:0,System.Void BlogAppCore.Application.Categories.Commands.Create.CreateCategoryCommandHandler/<Handle>d__2::MoveNext()
DA:19,0
DA:20,0
DA:22,0
DA:23,0
DA:25,0
DA:26,0
BRDA:23,98,0,0
BRDA:23,98,1,0
LF:10
LH:0
BRF:2
BRH:0
FNF:2
FNH:0
end_of_record
SF:/home/rousage/Projects/BlogAppCore/src/BlogAppCore.Application/Categories/Commands/Create/CreateCategoryCommandValidator.cs
FN:7,System.Void BlogAppCore.Application.Categories.Commands.Create.CreateCategoryCommandValidator::.ctor()
FNDA:0,System.Void BlogAppCore.Application.Categories.Commands.Create.CreateCategoryCommandValidator::.ctor()
DA:8,0
DA:9,0
DA:10,0
DA:11,0
LF:4
LH:0
BRF:0
BRH:0
FNF:1
FNH:0
end_of_record
SF:/home/rousage/Projects/BlogAppCore/src/BlogAppCore.Domain/SlugGenerator.cs
FN:10,System.String BlogAppCore.Domain.SlugGenerator::GenerateSlug(System.String,System.Int32)
FNDA:4,System.String BlogAppCore.Domain.SlugGenerator::GenerateSlug(System.String,System.Int32)
DA:11,4
DA:12,4
DA:15,4
DA:17,4
DA:19,4
DA:21,4
DA:22,4
BRDA:19,61,0,0
BRDA:19,61,1,4
FN:24,System.String BlogAppCore.Domain.SlugGenerator::RemoveDiacritics(System.String)
FNDA:4,System.String BlogAppCore.Domain.SlugGenerator::RemoveDiacritics(System.String)
DA:25,4
DA:26,4
DA:27,48
DA:28,4
DA:30,4
DA:31,4
BRDA:26,14,0,1
BRDA:26,14,1,4
LF:13
LH:13
BRF:4
BRH:3
FNF:2
FNH:2
end_of_record
SF:/home/rousage/Projects/BlogAppCore/src/BlogAppCore.Domain/Entities/BaseEntity.cs
FN:6,System.Int32 BlogAppCore.Domain.Entities.BaseEntity::get_Id()
FNDA:52,System.Int32 BlogAppCore.Domain.Entities.BaseEntity::get_Id()
DA:7,52
FN:8,System.DateTime BlogAppCore.Domain.Entities.BaseEntity::get_Created()
FNDA:20,System.DateTime BlogAppCore.Domain.Entities.BaseEntity::get_Created()
DA:9,20
LF:2
LH:2
BRF:0
BRH:0
FNF:2
FNH:2
end_of_record
SF:/home/rousage/Projects/BlogAppCore/src/BlogAppCore.Domain/Entities/Category.cs
FN:18,System.String BlogAppCore.Domain.Entities.Category::get_Name()
FNDA:0,System.String BlogAppCore.Domain.Entities.Category::get_Name()
DA:19,0
FN:20,System.String BlogAppCore.Domain.Entities.Category::get_Slug()
FNDA:0,System.String BlogAppCore.Domain.Entities.Category::get_Slug()
DA:21,0
FN:24,System.Collections.Generic.IEnumerable`1<BlogAppCore.Domain.Entities.Post> BlogAppCore.Domain.Entities.Category::get_Posts()
FNDA:0,System.Collections.Generic.IEnumerable`1<BlogAppCore.Domain.Entities.Post> BlogAppCore.Domain.Entities.Category::get_Posts()
DA:25,0
BRDA:25,7,0,0
BRDA:25,7,1,0
FN:27,System.Void BlogAppCore.Domain.Entities.Category::Update(System.String,System.Boolean)
FNDA:0,System.Void BlogAppCore.Domain.Entities.Category::Update(System.String,System.Boolean)
DA:28,0
DA:29,0
DA:30,0
DA:31,0
BRDA:30,16,0,0
BRDA:30,16,1,0
FN:9,System.Void BlogAppCore.Domain.Entities.Category::.ctor(System.String)
FNDA:0,System.Void BlogAppCore.Domain.Entities.Category::.ctor(System.String)
DA:10,0
DA:11,0
DA:12,0
DA:13,0
DA:14,0
DA:15,0
FN:16,System.Void BlogAppCore.Domain.Entities.Category::.ctor()
FNDA:0,System.Void BlogAppCore.Domain.Entities.Category::.ctor()
DA:17,0
LF:14
LH:0
BRF:4
BRH:0
FNF:6
FNH:0
end_of_record
SF:/home/rousage/Projects/BlogAppCore/src/BlogAppCore.Domain/Entities/Post.cs
FN:36,System.String BlogAppCore.Domain.Entities.Post::get_Title()
FNDA:0,System.String BlogAppCore.Domain.Entities.Post::get_Title()
DA:37,0
FN:38,System.String BlogAppCore.Domain.Entities.Post::get_Slug()
FNDA:0,System.String BlogAppCore.Domain.Entities.Post::get_Slug()
DA:39,0
FN:40,System.String BlogAppCore.Domain.Entities.Post::get_Description()
FNDA:0,System.String BlogAppCore.Domain.Entities.Post::get_Description()
DA:41,0
FN:42,System.String BlogAppCore.Domain.Entities.Post::get_Content()
FNDA:0,System.String BlogAppCore.Domain.Entities.Post::get_Content()
DA:43,0
FN:44,System.Boolean BlogAppCore.Domain.Entities.Post::get_Published()
FNDA:0,System.Boolean BlogAppCore.Domain.Entities.Post::get_Published()
DA:45,0
FN:46,System.Int32 BlogAppCore.Domain.Entities.Post::get_CategoryId()
FNDA:0,System.Int32 BlogAppCore.Domain.Entities.Post::get_CategoryId()
DA:47,0
FN:48,BlogAppCore.Domain.Entities.Category BlogAppCore.Domain.Entities.Post::get_Category()
FNDA:0,BlogAppCore.Domain.Entities.Category BlogAppCore.Domain.Entities.Post::get_Category()
DA:49,0
FN:52,System.Collections.Generic.IEnumerable`1<BlogAppCore.Domain.Entities.PostTag> BlogAppCore.Domain.Entities.Post::get_PostTags()
FNDA:0,System.Collections.Generic.IEnumerable`1<BlogAppCore.Domain.Entities.PostTag> BlogAppCore.Domain.Entities.Post::get_PostTags()
DA:53,0
BRDA:53,7,0,0
BRDA:53,7,1,0
FN:56,System.Void BlogAppCore.Domain.Entities.Post::Update(System.String,System.String,System.String,System.Int32,System.Collections.Generic.IEnumerable`1<System.Int32>,System.Boolean,System.Boolean)
FNDA:0,System.Void BlogAppCore.Domain.Entities.Post::Update(System.String,System.String,System.String,System.Int32,System.Collections.Generic.IEnumerable`1<System.Int32>,System.Boolean,System.Boolean)
DA:57,0
DA:58,0
DA:59,0
DA:60,0
DA:61,0
DA:62,0
DA:63,0
DA:65,0
DA:66,0
DA:67,0
DA:68,0
DA:69,0
DA:70,0
DA:71,0
DA:72,0
DA:73,0
BRDA:59,17,0,0
BRDA:59,17,1,0
BRDA:65,82,0,0
BRDA:68,131,1,0
BRDA:68,131,0,0
BRDA:65,82,1,0
FN:75,System.Void BlogAppCore.Domain.Entities.Post::AddTag(System.Int32)
FNDA:0,System.Void BlogAppCore.Domain.Entities.Post::AddTag(System.Int32)
DA:76,0
DA:77,0
DA:78,0
FN:9,System.Void BlogAppCore.Domain.Entities.Post::.ctor(System.String,System.String,System.String,System.Int32,System.Collections.Generic.IEnumerable`1<System.Int32>,System.Boolean)
FNDA:0,System.Void BlogAppCore.Domain.Entities.Post::.ctor(System.String,System.String,System.String,System.Int32,System.Collections.Generic.IEnumerable`1<System.Int32>,System.Boolean)
DA:10,0
DA:11,0
DA:12,0
DA:13,0
DA:14,0
DA:15,0
DA:16,0
DA:17,0
DA:18,0
DA:19,0
DA:20,0
DA:21,0
DA:22,0
DA:23,0
DA:24,0
DA:26,0
DA:27,0
DA:28,0
DA:29,0
DA:30,0
DA:31,0
DA:32,0
DA:33,0
BRDA:26,88,0,0
BRDA:28,125,1,0
BRDA:28,125,0,0
BRDA:26,88,1,0
FN:34,System.Void BlogAppCore.Domain.Entities.Post::.ctor()
FNDA:0,System.Void BlogAppCore.Domain.Entities.Post::.ctor()
DA:35,0
LF:51
LH:0
BRF:12
BRH:0
FNF:12
FNH:0
end_of_record
SF:/home/rousage/Projects/BlogAppCore/src/BlogAppCore.Domain/Entities/PostTag.cs
FN:12,System.Int32 BlogAppCore.Domain.Entities.PostTag::get_PostId()
FNDA:0,System.Int32 BlogAppCore.Domain.Entities.PostTag::get_PostId()
DA:13,0
FN:14,BlogAppCore.Domain.Entities.Post BlogAppCore.Domain.Entities.PostTag::get_Post()
FNDA:0,BlogAppCore.Domain.Entities.Post BlogAppCore.Domain.Entities.PostTag::get_Post()
DA:15,0
FN:16,System.Int32 BlogAppCore.Domain.Entities.PostTag::get_TagId()
FNDA:0,System.Int32 BlogAppCore.Domain.Entities.PostTag::get_TagId()
DA:17,0
FN:18,BlogAppCore.Domain.Entities.Tag BlogAppCore.Domain.Entities.PostTag::get_Tag()
FNDA:0,BlogAppCore.Domain.Entities.Tag BlogAppCore.Domain.Entities.PostTag::get_Tag()
DA:19,0
FN:4,System.Void BlogAppCore.Domain.Entities.PostTag::.ctor(System.Int32,System.Int32)
FNDA:0,System.Void BlogAppCore.Domain.Entities.PostTag::.ctor(System.Int32,System.Int32)
DA:5,0
DA:6,0
DA:7,0
DA:8,0
DA:9,0
FN:10,System.Void BlogAppCore.Domain.Entities.PostTag::.ctor()
FNDA:0,System.Void BlogAppCore.Domain.Entities.PostTag::.ctor()
DA:11,0
LF:10
LH:0
BRF:0
BRH:0
FNF:6
FNH:0
end_of_record
SF:/home/rousage/Projects/BlogAppCore/src/BlogAppCore.Domain/Entities/Tag.cs
FN:18,System.String BlogAppCore.Domain.Entities.Tag::get_Name()
FNDA:26,System.String BlogAppCore.Domain.Entities.Tag::get_Name()
DA:19,26
FN:20,System.String BlogAppCore.Domain.Entities.Tag::get_Slug()
FNDA:26,System.String BlogAppCore.Domain.Entities.Tag::get_Slug()
DA:21,26
FN:24,System.Collections.Generic.IEnumerable`1<BlogAppCore.Domain.Entities.PostTag> BlogAppCore.Domain.Entities.Tag::get_PostTags()
FNDA:2,System.Collections.Generic.IEnumerable`1<BlogAppCore.Domain.Entities.PostTag> BlogAppCore.Domain.Entities.Tag::get_PostTags()
DA:25,2
BRDA:25,7,0,0
BRDA:25,7,1,2
FN:27,System.Void BlogAppCore.Domain.Entities.Tag::Update(System.String,System.Boolean)
FNDA:1,System.Void BlogAppCore.Domain.Entities.Tag::Update(System.String,System.Boolean)
DA:28,1
DA:29,1
DA:30,1
DA:31,1
BRDA:30,16,0,0
BRDA:30,16,1,1
FN:9,System.Void BlogAppCore.Domain.Entities.Tag::.ctor(System.String)
FNDA:3,System.Void BlogAppCore.Domain.Entities.Tag::.ctor(System.String)
DA:10,3
DA:11,3
DA:12,3
DA:13,3
DA:14,3
DA:15,3
FN:16,System.Void BlogAppCore.Domain.Entities.Tag::.ctor()
FNDA:0,System.Void BlogAppCore.Domain.Entities.Tag::.ctor()
DA:17,0
LF:14
LH:13
BRF:4
BRH:2
FNF:6
FNH:5
end_of_record